#
# There is insufficient memory for the Java Runtime Environment to continue.
# Native memory allocation (mmap) failed to map 536870912 bytes for G1 virtual space
# Possible reasons:
#   The system is out of physical RAM or swap space
#   The process is running with CompressedOops enabled, and the Java Heap may be blocking the growth of the native heap
# Possible solutions:
#   Reduce memory load on the system
#   Increase physical memory or swap space
#   Check if swap backing store is full
#   Decrease Java heap size (-Xmx/-Xms)
#   Decrease number of Java threads
#   Decrease Java thread stack sizes (-Xss)
#   Set larger code cache with -XX:ReservedCodeCacheSize=
#   JVM is running with Zero Based Compressed Oops mode in which the Java heap is
#     placed in the first 32GB address space. The Java Heap base address is the
#     maximum limit for the native heap growth. Please use -XX:HeapBaseMinAddress
#     to set the Java Heap base and to place the Java Heap above 32GB virtual address.
# This output file may be truncated or incomplete.
#
#  Out of Memory Error (os_windows.cpp:3535), pid=24324, tid=6924
#
# JRE version:  (17.0.3.1+2) (build )
# Java VM: Java HotSpot(TM) 64-Bit Server VM (17.0.3.1+2-LTS-6, mixed mode, emulated-client, sharing, tiered, compressed oops, compressed class ptrs, g1 gc, windows-amd64)
# No core dump will be written. Minidumps are not enabled by default on client versions of Windows
#

---------------  S U M M A R Y ------------

Command Line: -agentlib:jdwp=transport=dt_socket,address=127.0.0.1:51829,suspend=y,server=n -XX:TieredStopAtLevel=1 -Dspring.output.ansi.enabled=always -Dcom.sun.management.jmxremote -Dspring.jmx.enabled=true -Dspring.liveBeansView.mbeanDomain -Dspring.application.admin.enabled=true -javaagent:C:\Users\Administrator\AppData\Local\JetBrains\IntelliJIdea2022.2\captureAgent\debugger-agent.jar -Dfile.encoding=UTF-8 com.xuan.MonitorApplication

Host: Intel(R) Core(TM) i7-7700 CPU @ 3.60GHz, 8 cores, 31G,  Windows 10 , 64 bit Build 19041 (10.0.19041.4597)
Time: Tue Jul 30 15:24:23 2024  Windows 10 , 64 bit Build 19041 (10.0.19041.4597) elapsed time: 0.225094 seconds (0d 0h 0m 0s)

---------------  T H R E A D  ---------------

Current thread (0x0000018b04fb25e0):  JavaThread "Unknown thread" [_thread_in_vm, id=6924, stack(0x00000004d0700000,0x00000004d0800000)]

Stack: [0x00000004d0700000,0x00000004d0800000]
Native frames: (J=compiled Java code, j=interpreted, Vv=VM code, C=native code)
V  [jvm.dll+0x6711ba]
V  [jvm.dll+0x7d0834]
V  [jvm.dll+0x7d1fde]
V  [jvm.dll+0x7d2643]
V  [jvm.dll+0x242c85]
V  [jvm.dll+0x66e0d9]
V  [jvm.dll+0x662a22]
V  [jvm.dll+0x300ddb]
V  [jvm.dll+0x308376]
V  [jvm.dll+0x357f7e]
V  [jvm.dll+0x3581af]
V  [jvm.dll+0x2d7ff8]
V  [jvm.dll+0x2d8f64]
V  [jvm.dll+0x7a2411]
V  [jvm.dll+0x365d01]
V  [jvm.dll+0x78187c]
V  [jvm.dll+0x3e873f]
V  [jvm.dll+0x3ea1e1]
C  [jli.dll+0x527b]
C  [ucrtbase.dll+0x21bb2]
C  [KERNEL32.DLL+0x17374]
C  [ntdll.dll+0x4cc91]


---------------  P R O C E S S  ---------------

Threads class SMR info:
_java_thread_list=0x00007ffca2069858, length=0, elements={
}

Java Threads: ( => current thread )

Other Threads:
  0x0000018b0501d790 GCTaskThread "GC Thread#0" [stack: 0x00000004d0800000,0x00000004d0900000] [id=26768]
  0x0000018b0502cc70 ConcurrentGCThread "G1 Main Marker" [stack: 0x00000004d0900000,0x00000004d0a00000] [id=14484]
  0x0000018b0502d680 ConcurrentGCThread "G1 Conc#0" [stack: 0x00000004d0a00000,0x00000004d0b00000] [id=22660]

[error occurred during error reporting (printing all threads), id 0xc0000005, EXCEPTION_ACCESS_VIOLATION (0xc0000005) at pc=0x00007ffca18b89e7]

VM state: not at safepoint (not fully initialized)

VM Mutex/Monitor currently owned by a thread:  ([mutex/lock_event])
[0x0000018b04faf630] Heap_lock - owner thread: 0x0000018b04fb25e0

Heap address: 0x0000000601c00000, size: 8164 MB, Compressed Oops mode: Zero based, Oop shift amount: 3

CDS archive(s) mapped at: [0x0000000000000000-0x0000000000000000-0x0000000000000000), size 0, SharedBaseAddress: 0x0000000800000000, ArchiveRelocationMode: 0.
Narrow klass base: 0x0000000000000000, Narrow klass shift: 0, Narrow klass range: 0x0

GC Precious Log:
<Empty>

Heap:
 garbage-first heap   total 0K, used 0K [0x0000000601c00000, 0x0000000800000000)
  region size 4096K, 0 young (0K), 0 survivors (0K)

[error occurred during error reporting (printing heap information), id 0xc0000005, EXCEPTION_ACCESS_VIOLATION (0xc0000005) at pc=0x00007ffca1c9a629]

GC Heap History (0 events):
No events

Deoptimization events (0 events):
No events

Classes unloaded (0 events):
No events

Classes redefined (0 events):
No events

Internal exceptions (0 events):
No events

VM Operations (0 events):
No events

Events (2 events):
Event: 0.209 Loaded shared library C:\Program Files\Java\jdk-17.0.3.1\bin\java.dll
Event: 0.216 Loaded shared library C:\Program Files\Java\jdk-17.0.3.1\bin\zip.dll


Dynamic libraries:
0x00007ff697a30000 - 0x00007ff697a40000 	C:\Program Files\Java\jdk-17.0.3.1\bin\java.exe
0x00007ffd37e90000 - 0x00007ffd38088000 	C:\WINDOWS\SYSTEM32\ntdll.dll
0x00007ffd35fa0000 - 0x00007ffd36061000 	C:\WINDOWS\System32\KERNEL32.DLL
0x00007ffd35bc0000 - 0x00007ffd35eb6000 	C:\WINDOWS\System32\KERNELBASE.dll
0x00007ffd35570000 - 0x00007ffd35670000 	C:\WINDOWS\System32\ucrtbase.dll
0x00007ffd10280000 - 0x00007ffd1029a000 	C:\Program Files\Java\jdk-17.0.3.1\bin\VCRUNTIME140.dll
0x00007ffd103d0000 - 0x00007ffd103e8000 	C:\Program Files\Java\jdk-17.0.3.1\bin\jli.dll
0x00007ffd37560000 - 0x00007ffd37610000 	C:\WINDOWS\System32\ADVAPI32.dll
0x00007ffd374a0000 - 0x00007ffd3753e000 	C:\WINDOWS\System32\msvcrt.dll
0x00007ffd37340000 - 0x00007ffd373e0000 	C:\WINDOWS\System32\sechost.dll
0x00007ffd370b0000 - 0x00007ffd371d3000 	C:\WINDOWS\System32\RPCRT4.dll
0x00007ffd35540000 - 0x00007ffd35567000 	C:\WINDOWS\System32\bcrypt.dll
0x00007ffd36460000 - 0x00007ffd365ff000 	C:\WINDOWS\System32\USER32.dll
0x00007ffd35870000 - 0x00007ffd35892000 	C:\WINDOWS\System32\win32u.dll
0x00007ffd37080000 - 0x00007ffd370ab000 	C:\WINDOWS\System32\GDI32.dll
0x00007ffd358a0000 - 0x00007ffd359b7000 	C:\WINDOWS\System32\gdi32full.dll
0x00007ffd35670000 - 0x00007ffd3570d000 	C:\WINDOWS\System32\msvcp_win.dll
0x00007ffd216f0000 - 0x00007ffd2198a000 	C:\WINDOWS\WinSxS\amd64_microsoft.windows.common-controls_6595b64144ccf1df_6.0.19041.4355_none_60b8b9eb71f62e16\COMCTL32.dll
0x00007ffd317c0000 - 0x00007ffd317ca000 	C:\WINDOWS\SYSTEM32\VERSION.dll
0x00007ffd37310000 - 0x00007ffd3733f000 	C:\WINDOWS\System32\IMM32.DLL
0x00007ffd10d10000 - 0x00007ffd10d1c000 	C:\Program Files\Java\jdk-17.0.3.1\bin\vcruntime140_1.dll
0x00007ffd043e0000 - 0x00007ffd0446d000 	C:\Program Files\Java\jdk-17.0.3.1\bin\msvcp140.dll
0x00007ffca15d0000 - 0x00007ffca2190000 	C:\Program Files\Java\jdk-17.0.3.1\bin\server\jvm.dll
0x00007ffd37490000 - 0x00007ffd37498000 	C:\WINDOWS\System32\PSAPI.DLL
0x00007ffd25420000 - 0x00007ffd25429000 	C:\WINDOWS\SYSTEM32\WSOCK32.dll
0x00007ffd36f40000 - 0x00007ffd36fab000 	C:\WINDOWS\System32\WS2_32.dll
0x00007ffd1dc60000 - 0x00007ffd1dc87000 	C:\WINDOWS\SYSTEM32\WINMM.dll
0x00007ffd33d30000 - 0x00007ffd33d42000 	C:\WINDOWS\SYSTEM32\kernel.appcore.dll
0x00007ffd10760000 - 0x00007ffd1076a000 	C:\Program Files\Java\jdk-17.0.3.1\bin\jimage.dll
0x00007ffd32f90000 - 0x00007ffd33174000 	C:\WINDOWS\SYSTEM32\DBGHELP.DLL
0x00007ffd1e450000 - 0x00007ffd1e484000 	C:\WINDOWS\SYSTEM32\dbgcore.DLL
0x00007ffd10bf0000 - 0x00007ffd10cb4000 	C:\Program Files (x86)\iOAEnt\107.5.16853.62003\plugins\DataProtection\InjUmon64.dll
0x00007ffd376e0000 - 0x00007ffd37e4c000 	C:\WINDOWS\System32\SHELL32.dll
0x00007ffd371e0000 - 0x00007ffd3730b000 	C:\WINDOWS\System32\ole32.dll
0x00007ffd36070000 - 0x00007ffd363c3000 	C:\WINDOWS\System32\combase.dll
0x00007ffd36600000 - 0x00007ffd36655000 	C:\WINDOWS\System32\SHLWAPI.dll
0x00007ffd10990000 - 0x00007ffd10b35000 	C:\WINDOWS\WinSxS\amd64_microsoft.windows.gdiplus_6595b64144ccf1df_1.1.19041.4597_none_91a78020cc854124\gdiplus.dll
0x00007ffd34890000 - 0x00007ffd348cb000 	C:\WINDOWS\SYSTEM32\IPHLPAPI.DLL
0x00007ffd10b40000 - 0x00007ffd10be4000 	C:\WINDOWS\SYSTEM32\WINSPOOL.DRV
0x00007ffd37630000 - 0x00007ffd376dd000 	C:\WINDOWS\System32\shcore.dll
0x00007ffd35a70000 - 0x00007ffd35af2000 	C:\WINDOWS\System32\bcryptPrimitives.dll
0x00007ffcff620000 - 0x00007ffcff65b000 	C:\Program Files\Java\jdk-17.0.3.1\bin\jdwp.dll
0x00007ffd207c0000 - 0x00007ffd207ce000 	C:\Program Files\Java\jdk-17.0.3.1\bin\instrument.dll
0x00007ffd08f40000 - 0x00007ffd08f65000 	C:\Program Files\Java\jdk-17.0.3.1\bin\java.dll
0x00007ffd08fa0000 - 0x00007ffd08fb8000 	C:\Program Files\Java\jdk-17.0.3.1\bin\zip.dll

dbghelp: loaded successfully - version: 4.0.5 - missing functions: none
symbol engine: initialized successfully - sym options: 0x614 - pdb path: .;C:\Program Files\Java\jdk-17.0.3.1\bin;C:\WINDOWS\SYSTEM32;C:\WINDOWS\WinSxS\amd64_microsoft.windows.common-controls_6595b64144ccf1df_6.0.19041.4355_none_60b8b9eb71f62e16;C:\Program Files\Java\jdk-17.0.3.1\bin\server;C:\Program Files (x86)\iOAEnt\107.5.16853.62003\plugins\DataProtection;C:\WINDOWS\WinSxS\amd64_microsoft.windows.gdiplus_6595b64144ccf1df_1.1.19041.4597_none_91a78020cc854124

VM Arguments:
jvm_args: -agentlib:jdwp=transport=dt_socket,address=127.0.0.1:51829,suspend=y,server=n -XX:TieredStopAtLevel=1 -Dspring.output.ansi.enabled=always -Dcom.sun.management.jmxremote -Dspring.jmx.enabled=true -Dspring.liveBeansView.mbeanDomain -Dspring.application.admin.enabled=true -javaagent:C:\Users\Administrator\AppData\Local\JetBrains\IntelliJIdea2022.2\captureAgent\debugger-agent.jar -Dfile.encoding=UTF-8 
java_command: com.xuan.MonitorApplication
java_class_path (initial): C:\Users\Administrator\Desktop\yx\xuan-monitor\monitor-admin\target\classes;C:\Users\Administrator\.m2\repository\org\springframework\boot\spring-boot-starter-data-jpa\2.7.12\spring-boot-starter-data-jpa-2.7.12.jar;C:\Users\Administrator\.m2\repository\org\springframework\boot\spring-boot-starter-aop\2.7.12\spring-boot-starter-aop-2.7.12.jar;C:\Users\Administrator\.m2\repository\org\springframework\spring-aop\5.3.27\spring-aop-5.3.27.jar;C:\Users\Administrator\.m2\repository\org\aspectj\aspectjweaver\1.9.7\aspectjweaver-1.9.7.jar;C:\Users\Administrator\.m2\repository\org\springframework\boot\spring-boot-starter-jdbc\2.7.12\spring-boot-starter-jdbc-2.7.12.jar;C:\Users\Administrator\.m2\repository\com\zaxxer\HikariCP\4.0.3\HikariCP-4.0.3.jar;C:\Users\Administrator\.m2\repository\org\springframework\spring-jdbc\5.3.27\spring-jdbc-5.3.27.jar;C:\Users\Administrator\.m2\repository\jakarta\transaction\jakarta.transaction-api\1.3.3\jakarta.transaction-api-1.3.3.jar;C:\Users\Administrator\.m2\repository\jakarta\persistence\jakarta.persistence-api\2.2.3\jakarta.persistence-api-2.2.3.jar;C:\Users\Administrator\.m2\repository\org\hibernate\hibernate-core\5.6.15.Final\hibernate-core-5.6.15.Final.jar;C:\Users\Administrator\.m2\repository\org\jboss\logging\jboss-logging\3.4.3.Final\jboss-logging-3.4.3.Final.jar;C:\Users\Administrator\.m2\repository\net\bytebuddy\byte-buddy\1.12.23\byte-buddy-1.12.23.jar;C:\Users\Administrator\.m2\repository\antlr\antlr\2.7.7\antlr-2.7.7.jar;C:\Users\Administrator\.m2\repository\org\jboss\jandex\2.4.2.Final\jandex-2.4.2.Final.jar;C:\Users\Administrator\.m2\repository\com\fasterxml\classmate\1.5.1\classmate-1.5.1.jar;C:\Users\Administrator\.m2\repository\org\hibernate\common\hibernate-commons-annotations\5.1.2.Final\hibernate-commons-annotations-5.1.2.Final.jar;C:\Users\Administrator\.m2\repository\org\glassfish\jaxb\jaxb-runtime\2.3.8\jaxb-runtime-2.3.8.jar;C:\Users\Administrator\.m2\repository\org\glassfish\jaxb\txw2\2
Launcher Type: SUN_STANDARD

[Global flags]
     intx CICompilerCount                          = 4                                         {product} {ergonomic}
     uint ConcGCThreads                            = 2                                         {product} {ergonomic}
     uint G1ConcRefinementThreads                  = 8                                         {product} {ergonomic}
   size_t G1HeapRegionSize                         = 4194304                                   {product} {ergonomic}
    uintx GCDrainStackTargetSize                   = 64                                        {product} {ergonomic}
   size_t InitialHeapSize                          = 536870912                                 {product} {ergonomic}
     bool ManagementServer                         = true                                      {product} {command line}
   size_t MarkStackSize                            = 4194304                                   {product} {ergonomic}
   size_t MaxHeapSize                              = 8560574464                                {product} {ergonomic}
   size_t MinHeapDeltaBytes                        = 4194304                                   {product} {ergonomic}
   size_t MinHeapSize                              = 8388608                                   {product} {ergonomic}
    uintx NonProfiledCodeHeapSize                  = 0                                      {pd product} {ergonomic}
     bool ProfileInterpreter                       = false                                  {pd product} {command line}
    uintx ProfiledCodeHeapSize                     = 0                                      {pd product} {ergonomic}
   size_t SoftMaxHeapSize                          = 8560574464                             {manageable} {ergonomic}
     intx TieredStopAtLevel                        = 1                                         {product} {command line}
     bool UseCompressedClassPointers               = true                           {product lp64_product} {ergonomic}
     bool UseCompressedOops                        = true                           {product lp64_product} {ergonomic}
     bool UseG1GC                                  = true                                      {product} {ergonomic}
     bool UseLargePagesIndividualAllocation        = false                                  {pd product} {ergonomic}

Logging:
Log output configuration:
 #0: stdout all=warning uptime,level,tags
 #1: stderr all=off uptime,level,tags

Environment Variables:
JAVA_HOME=C:\Program Files\Java\jdk-17.0.3.1
PATH=C:\Users\Administrator\.nvmd\bin;C:\Program Files\Volta\;C:\Program Files\Common Files\Oracle\Java\javapath;C:\ProgramData\Oracle\Java\javapath;C:\Windows\system32;C:\Windows;C:\Windows\System32\Wbem;C:\Windows\System32\WindowsPowerShell\v1.0\;C:\Windows\System32\OpenSSH\;C:\Program Files\NVIDIA Corporation\NVIDIA NvDLISR;D:\java\jdk1.8\bin;D:\java\jdk1.8\jre\bin;C:\WINDOWS\system32;C:\WINDOWS;C:\WINDOWS\System32\Wbem;C:\WINDOWS\System32\WindowsPowerShell\v1.0\;C:\WINDOWS\System32\OpenSSH\;C:\Program Files\Git\cmd;C:\Program Files\Docker\Docker\resources\bin;D:\phpstudy_pro\Extensions\MySQL5.7.26\bin;C:\Users\Administrator\AppData\Roaming\nvm;C:\Program Files\nodejs;E:\CEC-IDE\bin;C:\Program Files (x86)\Windows Kits\10\Windows Performance Toolkit\;D:\微信web开发者工具\dll;C:\Users\Administrator\.cargo\bin;C:\Users\Administrator\AppData\Local\Volta\bin;C:\Users\Administrator\AppData\Local\Microsoft\WindowsApps;D:\Microsoft VS Code\bin;E:\IntelliJ IDEA 2022.2.2\bin;C:\Users\Administrator\AppData\Local\Microsoft\Window;C:\Users\Administrator\.cargo\bin;C:\Users\Administrator\AppData\Local\Volta\bin;C:\Users\Administrator\AppData\Local\Microsoft\WindowsApps;D:\Microsoft VS Code\bin;E:\IntelliJ IDEA 2022.2.2\bin;;C:\Users\Administrator\AppData\Local\Microsoft\WindowsApps;D:\nodejs14;D:\apache-maven-3.8.7\bin;D:\mysql\mysql-8.0.31-winx64\bin;D:\mongodb\bin;D:\mongodb\mongosh-1.6.2-win32-x64\bin;C:\Users\Administrator\AppData\Roaming\nvm;C:\Program Files\nodejs;E:\gradle\gradle-8.3-all\gradle-8.3\bin;C:\Users\Administrator\AppData\Local\GitHubDesktop\bin
USERNAME=Digital
OS=Windows_NT
PROCESSOR_IDENTIFIER=Intel64 Family 6 Model 158 Stepping 9, GenuineIntel



---------------  S Y S T E M  ---------------

OS:
 Windows 10 , 64 bit Build 19041 (10.0.19041.4597)
OS uptime: 1 days 6:05 hours
Hyper-V role detected

CPU: total 8 (initial active 8) (4 cores per cpu, 2 threads per core) family 6 model 158 stepping 9 microcode 0xb4, cx8, cmov, fxsr, ht, mmx, 3dnowpref, sse, sse2, sse3, ssse3, sse4.1, sse4.2, popcnt, lzcnt, tsc, tscinvbit, avx, avx2, aes, erms, clmul, bmi1, bmi2, rtm, adx, fma, vzeroupper, clflush, clflushopt, hv

Memory: 4k page, system-wide physical 32647M (5989M free)
TotalPageFile size 53500M (AvailPageFile size 208M)
current process WorkingSet (physical memory assigned to process): 13M, peak: 13M
current process commit charge ("private bytes"): 56M, peak: 568M

vm_info: Java HotSpot(TM) 64-Bit Server VM (17.0.3.1+2-LTS-6) for windows-amd64 JRE (17.0.3.1+2-LTS-6), built on Apr 25 2022 22:04:21 by "mach5one" with MS VC++ 16.8 / 16.9 (VS2019)

END.
